<?xml version="1.0" encoding="UTF-8"?>
<!-- Generated by org.testng.reporters.JUnitReportReporter -->
<testsuite skipped="0" hostname="MANOJI" name="Testng.AbsoluteXpath" tests="1" failures="0" timestamp="25 Apr 2021 14:13:52 GMT" time="22.792" errors="0">
  <testcase name="Elements" time="22.792" classname="Testng.AbsoluteXpath"/>
</testsuite> <!-- Testng.AbsoluteXpath -->
