<?xml version="1.0" encoding="UTF-8"?>
<!-- Generated by org.testng.reporters.JUnitReportReporter -->
<testsuite skipped="0" hostname="MANOJI" name="Testng.TestngDemo" tests="3" failures="0" timestamp="23 Apr 2021 06:57:22 GMT" time="0.018" errors="0">
  <testcase name="testcase2" time="0.007" classname="Testng.TestngDemo"/>
  <testcase name="testcase2" time="0.008" classname="Testng.TestngDemo"/>
  <testcase name="testcase2" time="0.003" classname="Testng.TestngDemo"/>
</testsuite> <!-- Testng.TestngDemo -->
