<?xml version="1.0" encoding="UTF-8"?>
<!-- Generated by org.testng.reporters.JUnitReportReporter -->
<testsuite skipped="0" hostname="MANOJI" name="Testng.Options" tests="1" failures="0" timestamp="23 Apr 2021 04:21:03 GMT" time="6.706" errors="0">
  <testcase name="BrowserOption" time="6.706" classname="Testng.Options"/>
</testsuite> <!-- Testng.Options -->
