<?xml version="1.0" encoding="UTF-8"?>
<!-- Generated by org.testng.reporters.JUnitReportReporter -->
<testsuite hostname="MANOJI" name="Practo_Trail.Trail" tests="1" failures="0" timestamp="7 May 2021 09:21:01 GMT" time="22.713" errors="0">
  <testcase name="Practo" time="22.713" classname="Practo_Trail.Trail"/>
</testsuite> <!-- Practo_Trail.Trail -->
